mode: atomic
github.com/kimberlysue0003/ecommerce-mini/backend-go/internal/utils/helpers.go:6.29,8.16 2 0
github.com/kimberlysue0003/ecommerce-mini/backend-go/internal/utils/helpers.go:8.16,10.3 1 0
github.com/kimberlysue0003/ecommerce-mini/backend-go/internal/utils/helpers.go:11.2,11.12 1 0
github.com/kimberlysue0003/ecommerce-mini/backend-go/internal/utils/id.go:12.26,28.2 7 0
github.com/kimberlysue0003/ecommerce-mini/backend-go/internal/utils/jwt.go:19.56,21.16 2 0
github.com/kimberlysue0003/ecommerce-mini/backend-go/internal/utils/jwt.go:21.16,23.3 1 0
github.com/kimberlysue0003/ecommerce-mini/backend-go/internal/utils/jwt.go:26.2,41.16 4 0
github.com/kimberlysue0003/ecommerce-mini/backend-go/internal/utils/jwt.go:41.16,43.3 1 0
github.com/kimberlysue0003/ecommerce-mini/backend-go/internal/utils/jwt.go:45.2,45.25 1 0
github.com/kimberlysue0003/ecommerce-mini/backend-go/internal/utils/jwt.go:49.56,51.16 2 0
github.com/kimberlysue0003/ecommerce-mini/backend-go/internal/utils/jwt.go:51.16,53.3 1 0
github.com/kimberlysue0003/ecommerce-mini/backend-go/internal/utils/jwt.go:56.2,56.107 1 0
github.com/kimberlysue0003/ecommerce-mini/backend-go/internal/utils/jwt.go:56.107,58.58 1 0
github.com/kimberlysue0003/ecommerce-mini/backend-go/internal/utils/jwt.go:58.58,60.4 1 0
github.com/kimberlysue0003/ecommerce-mini/backend-go/internal/utils/jwt.go:61.3,61.36 1 0
github.com/kimberlysue0003/ecommerce-mini/backend-go/internal/utils/jwt.go:64.2,64.16 1 0
github.com/kimberlysue0003/ecommerce-mini/backend-go/internal/utils/jwt.go:64.16,66.3 1 0
github.com/kimberlysue0003/ecommerce-mini/backend-go/internal/utils/jwt.go:69.2,70.25 2 0
github.com/kimberlysue0003/ecommerce-mini/backend-go/internal/utils/jwt.go:70.25,72.3 1 0
github.com/kimberlysue0003/ecommerce-mini/backend-go/internal/utils/jwt.go:74.2,74.20 1 0
github.com/kimberlysue0003/ecommerce-mini/backend-go/internal/utils/jwt.go:78.54,79.22 1 0
github.com/kimberlysue0003/ecommerce-mini/backend-go/internal/utils/jwt.go:79.22,81.3 1 0
github.com/kimberlysue0003/ecommerce-mini/backend-go/internal/utils/jwt.go:84.2,84.56 1 0
github.com/kimberlysue0003/ecommerce-mini/backend-go/internal/utils/jwt.go:84.56,86.3 1 0
github.com/kimberlysue0003/ecommerce-mini/backend-go/internal/utils/jwt.go:88.2,88.62 1 0
github.com/kimberlysue0003/ecommerce-mini/backend-go/internal/utils/logger.go:20.13,27.2 1 1
github.com/kimberlysue0003/ecommerce-mini/backend-go/internal/utils/logger.go:30.56,34.2 3 0
github.com/kimberlysue0003/ecommerce-mini/backend-go/internal/utils/logger.go:37.59,41.2 3 0
github.com/kimberlysue0003/ecommerce-mini/backend-go/internal/utils/logger.go:44.57,48.2 3 0
github.com/kimberlysue0003/ecommerce-mini/backend-go/internal/utils/logger.go:51.56,55.2 3 0
github.com/kimberlysue0003/ecommerce-mini/backend-go/internal/utils/logger.go:58.57,62.2 3 0
github.com/kimberlysue0003/ecommerce-mini/backend-go/internal/utils/password.go:8.52,11.16 2 0
github.com/kimberlysue0003/ecommerce-mini/backend-go/internal/utils/password.go:11.16,13.3 1 0
github.com/kimberlysue0003/ecommerce-mini/backend-go/internal/utils/password.go:14.2,14.33 1 0
github.com/kimberlysue0003/ecommerce-mini/backend-go/internal/utils/password.go:18.61,20.2 1 0
github.com/kimberlysue0003/ecommerce-mini/backend-go/internal/utils/response.go:41.68,43.2 1 0
github.com/kimberlysue0003/ecommerce-mini/backend-go/internal/utils/response.go:46.74,48.22 2 0
github.com/kimberlysue0003/ecommerce-mini/backend-go/internal/utils/response.go:48.22,50.3 1 0
github.com/kimberlysue0003/ecommerce-mini/backend-go/internal/utils/response.go:52.2,57.33 2 0
github.com/kimberlysue0003/ecommerce-mini/backend-go/internal/utils/response.go:61.74,63.22 2 0
github.com/kimberlysue0003/ecommerce-mini/backend-go/internal/utils/response.go:63.22,65.3 1 0
github.com/kimberlysue0003/ecommerce-mini/backend-go/internal/utils/response.go:67.2,72.38 2 0
github.com/kimberlysue0003/ecommerce-mini/backend-go/internal/utils/response.go:76.81,78.22 2 0
github.com/kimberlysue0003/ecommerce-mini/backend-go/internal/utils/response.go:78.22,80.3 1 0
github.com/kimberlysue0003/ecommerce-mini/backend-go/internal/utils/response.go:82.2,87.30 2 0
github.com/kimberlysue0003/ecommerce-mini/backend-go/internal/utils/response.go:91.70,93.2 1 0
github.com/kimberlysue0003/ecommerce-mini/backend-go/internal/utils/response.go:96.72,98.2 1 0
github.com/kimberlysue0003/ecommerce-mini/backend-go/internal/utils/response.go:101.69,103.2 1 0
github.com/kimberlysue0003/ecommerce-mini/backend-go/internal/utils/response.go:106.68,108.2 1 0
github.com/kimberlysue0003/ecommerce-mini/backend-go/internal/utils/response.go:111.73,113.2 1 0
github.com/kimberlysue0003/ecommerce-mini/backend-go/internal/utils/response.go:116.84,123.2 2 0
github.com/kimberlysue0003/ecommerce-mini/backend-go/internal/utils/similarity.go:25.37,36.31 6 13
github.com/kimberlysue0003/ecommerce-mini/backend-go/internal/utils/similarity.go:36.31,37.21 1 45
github.com/kimberlysue0003/ecommerce-mini/backend-go/internal/utils/similarity.go:37.21,39.4 1 45
github.com/kimberlysue0003/ecommerce-mini/backend-go/internal/utils/similarity.go:41.2,41.15 1 13
github.com/kimberlysue0003/ecommerce-mini/backend-go/internal/utils/similarity.go:45.54,50.31 3 6
github.com/kimberlysue0003/ecommerce-mini/backend-go/internal/utils/similarity.go:50.31,52.3 1 22
github.com/kimberlysue0003/ecommerce-mini/backend-go/internal/utils/similarity.go:55.2,55.23 1 6
github.com/kimberlysue0003/ecommerce-mini/backend-go/internal/utils/similarity.go:55.23,57.3 1 14
github.com/kimberlysue0003/ecommerce-mini/backend-go/internal/utils/similarity.go:59.2,59.11 1 6
github.com/kimberlysue0003/ecommerce-mini/backend-go/internal/utils/similarity.go:63.60,69.32 4 2
github.com/kimberlysue0003/ecommerce-mini/backend-go/internal/utils/similarity.go:69.32,71.28 2 4
github.com/kimberlysue0003/ecommerce-mini/backend-go/internal/utils/similarity.go:71.28,73.4 1 17
github.com/kimberlysue0003/ecommerce-mini/backend-go/internal/utils/similarity.go:74.3,74.33 1 4
github.com/kimberlysue0003/ecommerce-mini/backend-go/internal/utils/similarity.go:74.33,76.4 1 10
github.com/kimberlysue0003/ecommerce-mini/backend-go/internal/utils/similarity.go:80.2,80.37 1 2
github.com/kimberlysue0003/ecommerce-mini/backend-go/internal/utils/similarity.go:80.37,82.3 1 8
github.com/kimberlysue0003/ecommerce-mini/backend-go/internal/utils/similarity.go:84.2,84.12 1 2
github.com/kimberlysue0003/ecommerce-mini/backend-go/internal/utils/similarity.go:88.87,91.33 2 4
github.com/kimberlysue0003/ecommerce-mini/backend-go/internal/utils/similarity.go:91.33,94.3 2 10
github.com/kimberlysue0003/ecommerce-mini/backend-go/internal/utils/similarity.go:96.2,96.14 1 4
github.com/kimberlysue0003/ecommerce-mini/backend-go/internal/utils/similarity.go:100.57,102.31 2 16
github.com/kimberlysue0003/ecommerce-mini/backend-go/internal/utils/similarity.go:102.31,104.3 1 34
github.com/kimberlysue0003/ecommerce-mini/backend-go/internal/utils/similarity.go:105.2,105.30 1 16
github.com/kimberlysue0003/ecommerce-mini/backend-go/internal/utils/similarity.go:109.62,113.33 2 5
github.com/kimberlysue0003/ecommerce-mini/backend-go/internal/utils/similarity.go:113.33,114.43 1 11
github.com/kimberlysue0003/ecommerce-mini/backend-go/internal/utils/similarity.go:114.43,116.4 1 5
github.com/kimberlysue0003/ecommerce-mini/backend-go/internal/utils/similarity.go:119.2,122.28 3 5
github.com/kimberlysue0003/ecommerce-mini/backend-go/internal/utils/similarity.go:122.28,124.3 1 0
github.com/kimberlysue0003/ecommerce-mini/backend-go/internal/utils/similarity.go:126.2,126.35 1 5
github.com/kimberlysue0003/ecommerce-mini/backend-go/internal/utils/similarity.go:130.79,133.29 2 2
github.com/kimberlysue0003/ecommerce-mini/backend-go/internal/utils/similarity.go:133.29,136.3 2 4
github.com/kimberlysue0003/ecommerce-mini/backend-go/internal/utils/similarity.go:139.2,144.35 3 2
github.com/kimberlysue0003/ecommerce-mini/backend-go/internal/utils/similarity.go:144.35,154.3 4 4
github.com/kimberlysue0003/ecommerce-mini/backend-go/internal/utils/similarity.go:156.2,156.16 1 2
github.com/kimberlysue0003/ecommerce-mini/backend-go/internal/utils/similarity.go:160.108,164.13 3 2
github.com/kimberlysue0003/ecommerce-mini/backend-go/internal/utils/similarity.go:164.13,166.3 1 1
github.com/kimberlysue0003/ecommerce-mini/backend-go/internal/utils/similarity.go:168.2,170.41 2 1
github.com/kimberlysue0003/ecommerce-mini/backend-go/internal/utils/similarity.go:170.41,171.35 1 3
github.com/kimberlysue0003/ecommerce-mini/backend-go/internal/utils/similarity.go:171.35,172.12 1 1
github.com/kimberlysue0003/ecommerce-mini/backend-go/internal/utils/similarity.go:175.3,179.5 2 2
github.com/kimberlysue0003/ecommerce-mini/backend-go/internal/utils/similarity.go:183.2,183.43 1 1
github.com/kimberlysue0003/ecommerce-mini/backend-go/internal/utils/similarity.go:183.43,184.46 1 1
github.com/kimberlysue0003/ecommerce-mini/backend-go/internal/utils/similarity.go:184.46,185.63 1 1
github.com/kimberlysue0003/ecommerce-mini/backend-go/internal/utils/similarity.go:185.63,187.5 1 0
github.com/kimberlysue0003/ecommerce-mini/backend-go/internal/utils/similarity.go:192.2,192.31 1 1
github.com/kimberlysue0003/ecommerce-mini/backend-go/internal/utils/similarity.go:192.31,194.3 1 0
github.com/kimberlysue0003/ecommerce-mini/backend-go/internal/utils/similarity.go:195.2,195.29 1 1
github.com/kimberlysue0003/ecommerce-mini/backend-go/internal/utils/similarity.go:199.77,206.36 5 3
github.com/kimberlysue0003/ecommerce-mini/backend-go/internal/utils/similarity.go:206.36,208.3 1 6
github.com/kimberlysue0003/ecommerce-mini/backend-go/internal/utils/similarity.go:210.2,211.38 2 3
github.com/kimberlysue0003/ecommerce-mini/backend-go/internal/utils/similarity.go:211.38,213.3 1 11
github.com/kimberlysue0003/ecommerce-mini/backend-go/internal/utils/similarity.go:215.2,216.30 2 3
github.com/kimberlysue0003/ecommerce-mini/backend-go/internal/utils/similarity.go:216.30,217.24 1 6
github.com/kimberlysue0003/ecommerce-mini/backend-go/internal/utils/similarity.go:217.24,219.4 1 4
github.com/kimberlysue0003/ecommerce-mini/backend-go/internal/utils/similarity.go:222.2,222.24 1 3
github.com/kimberlysue0003/ecommerce-mini/backend-go/internal/utils/similarity.go:222.24,224.3 1 0
github.com/kimberlysue0003/ecommerce-mini/backend-go/internal/utils/similarity.go:226.2,226.50 1 3
github.com/kimberlysue0003/ecommerce-mini/backend-go/internal/handlers/ai_handler.go:15.61,19.2 1 0
github.com/kimberlysue0003/ecommerce-mini/backend-go/internal/handlers/ai_handler.go:23.44,28.47 2 0
github.com/kimberlysue0003/ecommerce-mini/backend-go/internal/handlers/ai_handler.go:28.47,31.3 2 0
github.com/kimberlysue0003/ecommerce-mini/backend-go/internal/handlers/ai_handler.go:33.2,34.54 2 0
github.com/kimberlysue0003/ecommerce-mini/backend-go/internal/handlers/ai_handler.go:34.54,36.32 2 0
github.com/kimberlysue0003/ecommerce-mini/backend-go/internal/handlers/ai_handler.go:36.32,38.4 1 0
github.com/kimberlysue0003/ecommerce-mini/backend-go/internal/handlers/ai_handler.go:41.2,42.16 2 0
github.com/kimberlysue0003/ecommerce-mini/backend-go/internal/handlers/ai_handler.go:42.16,45.3 2 0
github.com/kimberlysue0003/ecommerce-mini/backend-go/internal/handlers/ai_handler.go:47.2,47.33 1 0
github.com/kimberlysue0003/ecommerce-mini/backend-go/internal/handlers/ai_handler.go:52.56,56.54 3 0
github.com/kimberlysue0003/ecommerce-mini/backend-go/internal/handlers/ai_handler.go:56.54,58.31 2 0
github.com/kimberlysue0003/ecommerce-mini/backend-go/internal/handlers/ai_handler.go:58.31,60.4 1 0
github.com/kimberlysue0003/ecommerce-mini/backend-go/internal/handlers/ai_handler.go:63.2,64.16 2 0
github.com/kimberlysue0003/ecommerce-mini/backend-go/internal/handlers/ai_handler.go:64.16,67.3 2 0
github.com/kimberlysue0003/ecommerce-mini/backend-go/internal/handlers/ai_handler.go:69.2,69.35 1 0
github.com/kimberlysue0003/ecommerce-mini/backend-go/internal/handlers/ai_handler.go:74.56,76.54 2 0
github.com/kimberlysue0003/ecommerce-mini/backend-go/internal/handlers/ai_handler.go:76.54,78.31 2 0
github.com/kimberlysue0003/ecommerce-mini/backend-go/internal/handlers/ai_handler.go:78.31,80.4 1 0
github.com/kimberlysue0003/ecommerce-mini/backend-go/internal/handlers/ai_handler.go:83.2,84.16 2 0
github.com/kimberlysue0003/ecommerce-mini/backend-go/internal/handlers/ai_handler.go:84.16,87.3 2 0
github.com/kimberlysue0003/ecommerce-mini/backend-go/internal/handlers/ai_handler.go:89.2,89.35 1 0
github.com/kimberlysue0003/ecommerce-mini/backend-go/internal/handlers/auth_handler.go:17.69,21.2 1 0
github.com/kimberlysue0003/ecommerce-mini/backend-go/internal/handlers/auth_handler.go:25.48,29.47 2 0
github.com/kimberlysue0003/ecommerce-mini/backend-go/internal/handlers/auth_handler.go:29.47,32.3 2 0
github.com/kimberlysue0003/ecommerce-mini/backend-go/internal/handlers/auth_handler.go:35.2,36.16 2 0
github.com/kimberlysue0003/ecommerce-mini/backend-go/internal/handlers/auth_handler.go:36.16,37.59 1 0
github.com/kimberlysue0003/ecommerce-mini/backend-go/internal/handlers/auth_handler.go:37.59,40.4 2 0
github.com/kimberlysue0003/ecommerce-mini/backend-go/internal/handlers/auth_handler.go:41.3,42.9 2 0
github.com/kimberlysue0003/ecommerce-mini/backend-go/internal/handlers/auth_handler.go:46.2,46.67 1 0
github.com/kimberlysue0003/ecommerce-mini/backend-go/internal/handlers/auth_handler.go:51.45,55.47 2 0
github.com/kimberlysue0003/ecommerce-mini/backend-go/internal/handlers/auth_handler.go:55.47,58.3 2 0
github.com/kimberlysue0003/ecommerce-mini/backend-go/internal/handlers/auth_handler.go:61.2,62.16 2 0
github.com/kimberlysue0003/ecommerce-mini/backend-go/internal/handlers/auth_handler.go:62.16,63.49 1 0
github.com/kimberlysue0003/ecommerce-mini/backend-go/internal/handlers/auth_handler.go:63.49,66.4 2 0
github.com/kimberlysue0003/ecommerce-mini/backend-go/internal/handlers/auth_handler.go:67.3,68.9 2 0
github.com/kimberlysue0003/ecommerce-mini/backend-go/internal/handlers/auth_handler.go:72.2,72.55 1 0
github.com/kimberlysue0003/ecommerce-mini/backend-go/internal/handlers/auth_handler.go:77.45,80.13 2 0
github.com/kimberlysue0003/ecommerce-mini/backend-go/internal/handlers/auth_handler.go:80.13,83.3 2 0
github.com/kimberlysue0003/ecommerce-mini/backend-go/internal/handlers/auth_handler.go:86.2,87.16 2 0
github.com/kimberlysue0003/ecommerce-mini/backend-go/internal/handlers/auth_handler.go:87.16,88.38 1 0
github.com/kimberlysue0003/ecommerce-mini/backend-go/internal/handlers/auth_handler.go:88.38,91.4 2 0
github.com/kimberlysue0003/ecommerce-mini/backend-go/internal/handlers/auth_handler.go:92.3,93.9 2 0
github.com/kimberlysue0003/ecommerce-mini/backend-go/internal/handlers/auth_handler.go:97.2,97.31 1 0
github.com/kimberlysue0003/ecommerce-mini/backend-go/internal/handlers/cart_handler.go:15.69,19.2 1 0
github.com/kimberlysue0003/ecommerce-mini/backend-go/internal/handlers/cart_handler.go:23.47,26.13 2 0
github.com/kimberlysue0003/ecommerce-mini/backend-go/internal/handlers/cart_handler.go:26.13,29.3 2 0
github.com/kimberlysue0003/ecommerce-mini/backend-go/internal/handlers/cart_handler.go:32.2,33.16 2 0
github.com/kimberlysue0003/ecommerce-mini/backend-go/internal/handlers/cart_handler.go:33.16,36.3 2 0
github.com/kimberlysue0003/ecommerce-mini/backend-go/internal/handlers/cart_handler.go:39.2,39.31 1 0
github.com/kimberlysue0003/ecommerce-mini/backend-go/internal/handlers/cart_handler.go:44.47,47.13 2 0
github.com/kimberlysue0003/ecommerce-mini/backend-go/internal/handlers/cart_handler.go:47.13,50.3 2 0
github.com/kimberlysue0003/ecommerce-mini/backend-go/internal/handlers/cart_handler.go:52.2,53.47 2 0
github.com/kimberlysue0003/ecommerce-mini/backend-go/internal/handlers/cart_handler.go:53.47,56.3 2 0
github.com/kimberlysue0003/ecommerce-mini/backend-go/internal/handlers/cart_handler.go:59.2,60.16 2 0
github.com/kimberlysue0003/ecommerce-mini/backend-go/internal/handlers/cart_handler.go:60.16,61.41 1 0
github.com/kimberlysue0003/ecommerce-mini/backend-go/internal/handlers/cart_handler.go:61.41,64.4 2 0
github.com/kimberlysue0003/ecommerce-mini/backend-go/internal/handlers/cart_handler.go:65.3,65.42 1 0
github.com/kimberlysue0003/ecommerce-mini/backend-go/internal/handlers/cart_handler.go:65.42,68.4 2 0
github.com/kimberlysue0003/ecommerce-mini/backend-go/internal/handlers/cart_handler.go:69.3,70.9 2 0
github.com/kimberlysue0003/ecommerce-mini/backend-go/internal/handlers/cart_handler.go:74.2,74.57 1 0
github.com/kimberlysue0003/ecommerce-mini/backend-go/internal/handlers/cart_handler.go:79.50,82.13 2 0
github.com/kimberlysue0003/ecommerce-mini/backend-go/internal/handlers/cart_handler.go:82.13,85.3 2 0
github.com/kimberlysue0003/ecommerce-mini/backend-go/internal/handlers/cart_handler.go:87.2,90.47 3 0
github.com/kimberlysue0003/ecommerce-mini/backend-go/internal/handlers/cart_handler.go:90.47,93.3 2 0
github.com/kimberlysue0003/ecommerce-mini/backend-go/internal/handlers/cart_handler.go:96.2,97.16 2 0
github.com/kimberlysue0003/ecommerce-mini/backend-go/internal/handlers/cart_handler.go:97.16,98.43 1 0
github.com/kimberlysue0003/ecommerce-mini/backend-go/internal/handlers/cart_handler.go:98.43,101.4 2 0
github.com/kimberlysue0003/ecommerce-mini/backend-go/internal/handlers/cart_handler.go:102.3,102.42 1 0
github.com/kimberlysue0003/ecommerce-mini/backend-go/internal/handlers/cart_handler.go:102.42,105.4 2 0
github.com/kimberlysue0003/ecommerce-mini/backend-go/internal/handlers/cart_handler.go:106.3,107.9 2 0
github.com/kimberlysue0003/ecommerce-mini/backend-go/internal/handlers/cart_handler.go:111.2,111.56 1 0
github.com/kimberlysue0003/ecommerce-mini/backend-go/internal/handlers/cart_handler.go:116.50,119.13 2 0
github.com/kimberlysue0003/ecommerce-mini/backend-go/internal/handlers/cart_handler.go:119.13,122.3 2 0
github.com/kimberlysue0003/ecommerce-mini/backend-go/internal/handlers/cart_handler.go:124.2,127.74 2 0
github.com/kimberlysue0003/ecommerce-mini/backend-go/internal/handlers/cart_handler.go:127.74,128.43 1 0
github.com/kimberlysue0003/ecommerce-mini/backend-go/internal/handlers/cart_handler.go:128.43,131.4 2 0
github.com/kimberlysue0003/ecommerce-mini/backend-go/internal/handlers/cart_handler.go:132.3,133.9 2 0
github.com/kimberlysue0003/ecommerce-mini/backend-go/internal/handlers/cart_handler.go:137.2,137.60 1 0
github.com/kimberlysue0003/ecommerce-mini/backend-go/internal/handlers/order_handler.go:15.73,19.2 1 0
github.com/kimberlysue0003/ecommerce-mini/backend-go/internal/handlers/order_handler.go:23.52,26.13 2 0
github.com/kimberlysue0003/ecommerce-mini/backend-go/internal/handlers/order_handler.go:26.13,29.3 2 0
github.com/kimberlysue0003/ecommerce-mini/backend-go/internal/handlers/order_handler.go:31.2,32.47 2 0
github.com/kimberlysue0003/ecommerce-mini/backend-go/internal/handlers/order_handler.go:32.47,35.3 2 0
github.com/kimberlysue0003/ecommerce-mini/backend-go/internal/handlers/order_handler.go:38.2,39.16 2 0
github.com/kimberlysue0003/ecommerce-mini/backend-go/internal/handlers/order_handler.go:39.16,40.37 1 0
github.com/kimberlysue0003/ecommerce-mini/backend-go/internal/handlers/order_handler.go:40.37,43.4 2 0
github.com/kimberlysue0003/ecommerce-mini/backend-go/internal/handlers/order_handler.go:44.3,45.9 2 0
github.com/kimberlysue0003/ecommerce-mini/backend-go/internal/handlers/order_handler.go:49.2,49.62 1 0
github.com/kimberlysue0003/ecommerce-mini/backend-go/internal/handlers/order_handler.go:54.60,57.13 2 0
github.com/kimberlysue0003/ecommerce-mini/backend-go/internal/handlers/order_handler.go:57.13,60.3 2 0
github.com/kimberlysue0003/ecommerce-mini/backend-go/internal/handlers/order_handler.go:63.2,64.16 2 0
github.com/kimberlysue0003/ecommerce-mini/backend-go/internal/handlers/order_handler.go:64.16,65.37 1 0
github.com/kimberlysue0003/ecommerce-mini/backend-go/internal/handlers/order_handler.go:65.37,68.4 2 0
github.com/kimberlysue0003/ecommerce-mini/backend-go/internal/handlers/order_handler.go:69.3,70.9 2 0
github.com/kimberlysue0003/ecommerce-mini/backend-go/internal/handlers/order_handler.go:74.2,74.72 1 0
github.com/kimberlysue0003/ecommerce-mini/backend-go/internal/handlers/order_handler.go:79.54,82.13 2 0
github.com/kimberlysue0003/ecommerce-mini/backend-go/internal/handlers/order_handler.go:82.13,85.3 2 0
github.com/kimberlysue0003/ecommerce-mini/backend-go/internal/handlers/order_handler.go:88.2,89.16 2 0
github.com/kimberlysue0003/ecommerce-mini/backend-go/internal/handlers/order_handler.go:89.16,92.3 2 0
github.com/kimberlysue0003/ecommerce-mini/backend-go/internal/handlers/order_handler.go:95.2,95.33 1 0
github.com/kimberlysue0003/ecommerce-mini/backend-go/internal/handlers/order_handler.go:100.53,103.13 2 0
github.com/kimberlysue0003/ecommerce-mini/backend-go/internal/handlers/order_handler.go:103.13,106.3 2 0
github.com/kimberlysue0003/ecommerce-mini/backend-go/internal/handlers/order_handler.go:108.2,112.16 3 0
github.com/kimberlysue0003/ecommerce-mini/backend-go/internal/handlers/order_handler.go:112.16,113.39 1 0
github.com/kimberlysue0003/ecommerce-mini/backend-go/internal/handlers/order_handler.go:113.39,116.4 2 0
github.com/kimberlysue0003/ecommerce-mini/backend-go/internal/handlers/order_handler.go:117.3,118.9 2 0
github.com/kimberlysue0003/ecommerce-mini/backend-go/internal/handlers/order_handler.go:122.2,122.32 1 0
github.com/kimberlysue0003/ecommerce-mini/backend-go/internal/handlers/payment_handler.go:15.81,19.2 1 0
github.com/kimberlysue0003/ecommerce-mini/backend-go/internal/handlers/payment_handler.go:24.62,27.13 2 0
github.com/kimberlysue0003/ecommerce-mini/backend-go/internal/handlers/payment_handler.go:27.13,30.3 2 0
github.com/kimberlysue0003/ecommerce-mini/backend-go/internal/handlers/payment_handler.go:33.2,43.24 3 0
github.com/kimberlysue0003/ecommerce-mini/backend-go/internal/handlers/payment_handler.go:43.24,45.17 2 0
github.com/kimberlysue0003/ecommerce-mini/backend-go/internal/handlers/payment_handler.go:45.17,48.4 2 0
github.com/kimberlysue0003/ecommerce-mini/backend-go/internal/handlers/payment_handler.go:52.2,53.16 2 0
github.com/kimberlysue0003/ecommerce-mini/backend-go/internal/handlers/payment_handler.go:53.16,54.48 1 0
github.com/kimberlysue0003/ecommerce-mini/backend-go/internal/handlers/payment_handler.go:54.48,57.4 2 0
github.com/kimberlysue0003/ecommerce-mini/backend-go/internal/handlers/payment_handler.go:58.3,58.37 1 0
github.com/kimberlysue0003/ecommerce-mini/backend-go/internal/handlers/payment_handler.go:58.37,61.4 2 0
github.com/kimberlysue0003/ecommerce-mini/backend-go/internal/handlers/payment_handler.go:62.3,63.9 2 0
github.com/kimberlysue0003/ecommerce-mini/backend-go/internal/handlers/payment_handler.go:67.2,72.4 1 0
github.com/kimberlysue0003/ecommerce-mini/backend-go/internal/handlers/payment_handler.go:77.65,80.13 2 0
github.com/kimberlysue0003/ecommerce-mini/backend-go/internal/handlers/payment_handler.go:80.13,83.3 2 0
github.com/kimberlysue0003/ecommerce-mini/backend-go/internal/handlers/payment_handler.go:86.2,87.16 2 0
github.com/kimberlysue0003/ecommerce-mini/backend-go/internal/handlers/payment_handler.go:87.16,88.37 1 0
github.com/kimberlysue0003/ecommerce-mini/backend-go/internal/handlers/payment_handler.go:88.37,91.4 2 0
github.com/kimberlysue0003/ecommerce-mini/backend-go/internal/handlers/payment_handler.go:92.3,92.48 1 0
github.com/kimberlysue0003/ecommerce-mini/backend-go/internal/handlers/payment_handler.go:92.48,95.4 2 0
github.com/kimberlysue0003/ecommerce-mini/backend-go/internal/handlers/payment_handler.go:96.3,97.9 2 0
github.com/kimberlysue0003/ecommerce-mini/backend-go/internal/handlers/payment_handler.go:101.2,101.70 1 0
github.com/kimberlysue0003/ecommerce-mini/backend-go/internal/handlers/payment_handler.go:106.57,109.13 2 0
github.com/kimberlysue0003/ecommerce-mini/backend-go/internal/handlers/payment_handler.go:109.13,112.3 2 0
github.com/kimberlysue0003/ecommerce-mini/backend-go/internal/handlers/payment_handler.go:114.2,118.47 2 0
github.com/kimberlysue0003/ecommerce-mini/backend-go/internal/handlers/payment_handler.go:118.47,121.3 2 0
github.com/kimberlysue0003/ecommerce-mini/backend-go/internal/handlers/payment_handler.go:124.2,125.16 2 0
github.com/kimberlysue0003/ecommerce-mini/backend-go/internal/handlers/payment_handler.go:125.16,126.49 1 0
github.com/kimberlysue0003/ecommerce-mini/backend-go/internal/handlers/payment_handler.go:126.49,129.4 2 0
github.com/kimberlysue0003/ecommerce-mini/backend-go/internal/handlers/payment_handler.go:130.3,130.39 1 0
github.com/kimberlysue0003/ecommerce-mini/backend-go/internal/handlers/payment_handler.go:130.39,133.4 2 0
github.com/kimberlysue0003/ecommerce-mini/backend-go/internal/handlers/payment_handler.go:134.3,135.9 2 0
github.com/kimberlysue0003/ecommerce-mini/backend-go/internal/handlers/payment_handler.go:139.2,139.66 1 0
github.com/kimberlysue0003/ecommerce-mini/backend-go/internal/handlers/payment_handler.go:144.60,146.16 2 0
github.com/kimberlysue0003/ecommerce-mini/backend-go/internal/handlers/payment_handler.go:146.16,149.3 2 0
github.com/kimberlysue0003/ecommerce-mini/backend-go/internal/handlers/payment_handler.go:152.2,154.4 1 0
github.com/kimberlysue0003/ecommerce-mini/backend-go/internal/handlers/product_handler.go:15.81,19.2 1 0
github.com/kimberlysue0003/ecommerce-mini/backend-go/internal/handlers/product_handler.go:23.47,27.48 2 0
github.com/kimberlysue0003/ecommerce-mini/backend-go/internal/handlers/product_handler.go:27.48,30.3 2 0
github.com/kimberlysue0003/ecommerce-mini/backend-go/internal/handlers/product_handler.go:33.2,34.16 2 0
github.com/kimberlysue0003/ecommerce-mini/backend-go/internal/handlers/product_handler.go:34.16,37.3 2 0
github.com/kimberlysue0003/ecommerce-mini/backend-go/internal/handlers/product_handler.go:40.2,40.67 1 0
github.com/kimberlysue0003/ecommerce-mini/backend-go/internal/handlers/product_handler.go:45.50,50.16 3 0
github.com/kimberlysue0003/ecommerce-mini/backend-go/internal/handlers/product_handler.go:50.16,51.41 1 0
github.com/kimberlysue0003/ecommerce-mini/backend-go/internal/handlers/product_handler.go:51.41,54.4 2 0
github.com/kimberlysue0003/ecommerce-mini/backend-go/internal/handlers/product_handler.go:55.3,56.9 2 0
github.com/kimberlysue0003/ecommerce-mini/backend-go/internal/handlers/product_handler.go:60.2,60.34 1 0
github.com/kimberlysue0003/ecommerce-mini/backend-go/internal/handlers/product_handler.go:65.52,70.16 3 0
github.com/kimberlysue0003/ecommerce-mini/backend-go/internal/handlers/product_handler.go:70.16,71.41 1 0
github.com/kimberlysue0003/ecommerce-mini/backend-go/internal/handlers/product_handler.go:71.41,74.4 2 0
github.com/kimberlysue0003/ecommerce-mini/backend-go/internal/handlers/product_handler.go:75.3,76.9 2 0
github.com/kimberlysue0003/ecommerce-mini/backend-go/internal/handlers/product_handler.go:80.2,80.34 1 0
github.com/kimberlysue0003/ecommerce-mini/backend-go/cmd/api/main.go:20.13,26.16 3 0
github.com/kimberlysue0003/ecommerce-mini/backend-go/cmd/api/main.go:26.16,28.3 1 0
github.com/kimberlysue0003/ecommerce-mini/backend-go/cmd/api/main.go:29.2,32.24 2 0
github.com/kimberlysue0003/ecommerce-mini/backend-go/cmd/api/main.go:32.24,34.3 1 0
github.com/kimberlysue0003/ecommerce-mini/backend-go/cmd/api/main.go:37.2,46.26 4 0
github.com/kimberlysue0003/ecommerce-mini/backend-go/cmd/api/main.go:49.62,51.34 1 0
github.com/kimberlysue0003/ecommerce-mini/backend-go/cmd/api/main.go:51.34,57.36 5 0
github.com/kimberlysue0003/ecommerce-mini/backend-go/cmd/api/main.go:57.36,60.4 2 0
github.com/kimberlysue0003/ecommerce-mini/backend-go/cmd/api/main.go:62.3,62.11 1 0
github.com/kimberlysue0003/ecommerce-mini/backend-go/cmd/api/main.go:66.2,66.34 1 0
github.com/kimberlysue0003/ecommerce-mini/backend-go/cmd/api/main.go:66.34,71.3 4 0
github.com/kimberlysue0003/ecommerce-mini/backend-go/cmd/api/main.go:74.2,74.79 1 0
github.com/kimberlysue0003/ecommerce-mini/backend-go/cmd/api/main.go:74.79,82.3 1 0
github.com/kimberlysue0003/ecommerce-mini/backend-go/cmd/api/main.go:85.2,85.28 1 0
github.com/kimberlysue0003/ecommerce-mini/backend-go/cmd/api/main.go:88.38,106.45 13 0
github.com/kimberlysue0003/ecommerce-mini/backend-go/cmd/api/main.go:106.45,113.3 1 0
github.com/kimberlysue0003/ecommerce-mini/backend-go/cmd/api/main.go:116.2,117.2 2 0
github.com/kimberlysue0003/ecommerce-mini/backend-go/cmd/api/main.go:117.2,120.3 2 0
github.com/kimberlysue0003/ecommerce-mini/backend-go/cmd/api/main.go:120.3,124.4 3 0
github.com/kimberlysue0003/ecommerce-mini/backend-go/cmd/api/main.go:127.3,128.3 2 0
github.com/kimberlysue0003/ecommerce-mini/backend-go/cmd/api/main.go:128.3,132.4 3 0
github.com/kimberlysue0003/ecommerce-mini/backend-go/cmd/api/main.go:135.3,137.3 3 0
github.com/kimberlysue0003/ecommerce-mini/backend-go/cmd/api/main.go:137.3,142.4 4 0
github.com/kimberlysue0003/ecommerce-mini/backend-go/cmd/api/main.go:145.3,147.3 3 0
github.com/kimberlysue0003/ecommerce-mini/backend-go/cmd/api/main.go:147.3,152.4 4 0
github.com/kimberlysue0003/ecommerce-mini/backend-go/cmd/api/main.go:155.3,156.3 2 0
github.com/kimberlysue0003/ecommerce-mini/backend-go/cmd/api/main.go:156.3,165.4 5 0
github.com/kimberlysue0003/ecommerce-mini/backend-go/cmd/api/main.go:168.3,169.3 2 0
github.com/kimberlysue0003/ecommerce-mini/backend-go/cmd/api/main.go:169.3,173.4 3 0
github.com/kimberlysue0003/ecommerce-mini/backend-go/cmd/api/main.go:176.3,176.43 1 0
github.com/kimberlysue0003/ecommerce-mini/backend-go/cmd/api/main.go:176.43,181.4 1 0
github.com/kimberlysue0003/ecommerce-mini/backend-go/cmd/api/main.go:185.2,185.38 1 0
github.com/kimberlysue0003/ecommerce-mini/backend-go/cmd/api/main.go:185.38,191.3 1 0
github.com/kimberlysue0003/ecommerce-mini/backend-go/cmd/api/main.go:196.58,207.12 2 0
github.com/kimberlysue0003/ecommerce-mini/backend-go/cmd/api/main.go:207.12,213.77 5 0
github.com/kimberlysue0003/ecommerce-mini/backend-go/cmd/api/main.go:213.77,215.4 1 0
github.com/kimberlysue0003/ecommerce-mini/backend-go/cmd/api/main.go:219.2,229.53 5 0
github.com/kimberlysue0003/ecommerce-mini/backend-go/internal/config/database.go:16.56,19.28 2 0
github.com/kimberlysue0003/ecommerce-mini/backend-go/internal/config/database.go:19.28,21.3 1 0
github.com/kimberlysue0003/ecommerce-mini/backend-go/internal/config/database.go:21.8,23.3 1 0
github.com/kimberlysue0003/ecommerce-mini/backend-go/internal/config/database.go:26.2,28.29 1 0
github.com/kimberlysue0003/ecommerce-mini/backend-go/internal/config/database.go:28.29,30.4 1 0
github.com/kimberlysue0003/ecommerce-mini/backend-go/internal/config/database.go:33.2,33.16 1 0
github.com/kimberlysue0003/ecommerce-mini/backend-go/internal/config/database.go:33.16,35.3 1 0
github.com/kimberlysue0003/ecommerce-mini/backend-go/internal/config/database.go:38.2,39.16 2 0
github.com/kimberlysue0003/ecommerce-mini/backend-go/internal/config/database.go:39.16,41.3 1 0
github.com/kimberlysue0003/ecommerce-mini/backend-go/internal/config/database.go:44.2,49.37 4 0
github.com/kimberlysue0003/ecommerce-mini/backend-go/internal/config/database.go:49.37,51.3 1 0
github.com/kimberlysue0003/ecommerce-mini/backend-go/internal/config/database.go:53.2,56.16 3 0
github.com/kimberlysue0003/ecommerce-mini/backend-go/internal/config/database.go:60.28,61.15 1 0
github.com/kimberlysue0003/ecommerce-mini/backend-go/internal/config/database.go:61.15,63.17 2 0
github.com/kimberlysue0003/ecommerce-mini/backend-go/internal/config/database.go:63.17,65.4 1 0
github.com/kimberlysue0003/ecommerce-mini/backend-go/internal/config/database.go:66.3,66.23 1 0
github.com/kimberlysue0003/ecommerce-mini/backend-go/internal/config/database.go:68.2,68.12 1 0
github.com/kimberlysue0003/ecommerce-mini/backend-go/internal/config/env.go:27.27,44.63 3 0
github.com/kimberlysue0003/ecommerce-mini/backend-go/internal/config/env.go:44.63,46.3 1 0
github.com/kimberlysue0003/ecommerce-mini/backend-go/internal/config/env.go:48.2,49.15 2 0
github.com/kimberlysue0003/ecommerce-mini/backend-go/internal/config/env.go:53.39,55.2 1 0
github.com/kimberlysue0003/ecommerce-mini/backend-go/internal/config/env.go:58.38,60.2 1 0
github.com/kimberlysue0003/ecommerce-mini/backend-go/internal/config/env.go:63.46,64.42 1 0
github.com/kimberlysue0003/ecommerce-mini/backend-go/internal/config/env.go:64.42,66.3 1 0
github.com/kimberlysue0003/ecommerce-mini/backend-go/internal/config/env.go:67.2,67.21 1 0
github.com/kimberlysue0003/ecommerce-mini/backend-go/internal/config/env.go:70.52,72.54 2 0
github.com/kimberlysue0003/ecommerce-mini/backend-go/internal/config/env.go:72.54,74.3 1 0
github.com/kimberlysue0003/ecommerce-mini/backend-go/internal/config/env.go:75.2,75.21 1 0
github.com/kimberlysue0003/ecommerce-mini/backend-go/internal/models/behavior.go:30.40,32.2 1 0
github.com/kimberlysue0003/ecommerce-mini/backend-go/internal/models/cart.go:22.36,24.2 1 0
github.com/kimberlysue0003/ecommerce-mini/backend-go/internal/models/order.go:34.33,36.2 1 0
github.com/kimberlysue0003/ecommerce-mini/backend-go/internal/models/order.go:53.37,55.2 1 0
github.com/kimberlysue0003/ecommerce-mini/backend-go/internal/models/product.go:30.35,32.2 1 0
github.com/kimberlysue0003/ecommerce-mini/backend-go/internal/models/product.go:41.61,46.2 1 0
github.com/kimberlysue0003/ecommerce-mini/backend-go/internal/models/user.go:23.32,25.2 1 0
github.com/kimberlysue0003/ecommerce-mini/backend-go/internal/models/user.go:37.42,45.2 1 0
github.com/kimberlysue0003/ecommerce-mini/backend-go/internal/middleware/auth.go:11.39,12.30 1 0
github.com/kimberlysue0003/ecommerce-mini/backend-go/internal/middleware/auth.go:12.30,15.23 2 0
github.com/kimberlysue0003/ecommerce-mini/backend-go/internal/middleware/auth.go:15.23,22.4 3 0
github.com/kimberlysue0003/ecommerce-mini/backend-go/internal/middleware/auth.go:25.3,26.17 2 0
github.com/kimberlysue0003/ecommerce-mini/backend-go/internal/middleware/auth.go:26.17,33.4 3 0
github.com/kimberlysue0003/ecommerce-mini/backend-go/internal/middleware/auth.go:36.3,37.17 2 0
github.com/kimberlysue0003/ecommerce-mini/backend-go/internal/middleware/auth.go:37.17,44.4 3 0
github.com/kimberlysue0003/ecommerce-mini/backend-go/internal/middleware/auth.go:47.3,51.11 3 0
github.com/kimberlysue0003/ecommerce-mini/backend-go/internal/middleware/auth.go:56.47,57.30 1 0
github.com/kimberlysue0003/ecommerce-mini/backend-go/internal/middleware/auth.go:57.30,60.23 2 0
github.com/kimberlysue0003/ecommerce-mini/backend-go/internal/middleware/auth.go:60.23,64.4 2 0
github.com/kimberlysue0003/ecommerce-mini/backend-go/internal/middleware/auth.go:67.3,68.17 2 0
github.com/kimberlysue0003/ecommerce-mini/backend-go/internal/middleware/auth.go:68.17,72.4 2 0
github.com/kimberlysue0003/ecommerce-mini/backend-go/internal/middleware/auth.go:75.3,76.17 2 0
github.com/kimberlysue0003/ecommerce-mini/backend-go/internal/middleware/auth.go:76.17,80.4 2 0
github.com/kimberlysue0003/ecommerce-mini/backend-go/internal/middleware/auth.go:83.3,87.11 3 0
github.com/kimberlysue0003/ecommerce-mini/backend-go/internal/services/ai_service.go:20.43,22.2 1 0
github.com/kimberlysue0003/ecommerce-mini/backend-go/internal/services/ai_service.go:41.64,56.82 7 23
github.com/kimberlysue0003/ecommerce-mini/backend-go/internal/services/ai_service.go:56.82,62.3 5 3
github.com/kimberlysue0003/ecommerce-mini/backend-go/internal/services/ai_service.go:62.8,63.77 1 20
github.com/kimberlysue0003/ecommerce-mini/backend-go/internal/services/ai_service.go:63.77,67.4 3 3
github.com/kimberlysue0003/ecommerce-mini/backend-go/internal/services/ai_service.go:69.3,69.77 1 20
github.com/kimberlysue0003/ecommerce-mini/backend-go/internal/services/ai_service.go:69.77,73.4 3 3
github.com/kimberlysue0003/ecommerce-mini/backend-go/internal/services/ai_service.go:77.2,80.43 3 23
github.com/kimberlysue0003/ecommerce-mini/backend-go/internal/services/ai_service.go:80.43,83.3 2 4
github.com/kimberlysue0003/ecommerce-mini/backend-go/internal/services/ai_service.go:83.8,83.49 1 19
github.com/kimberlysue0003/ecommerce-mini/backend-go/internal/services/ai_service.go:83.49,86.3 2 3
github.com/kimberlysue0003/ecommerce-mini/backend-go/internal/services/ai_service.go:89.2,93.23 4 23
github.com/kimberlysue0003/ecommerce-mini/backend-go/internal/services/ai_service.go:93.23,96.27 3 22
github.com/kimberlysue0003/ecommerce-mini/backend-go/internal/services/ai_service.go:96.27,97.18 1 35
github.com/kimberlysue0003/ecommerce-mini/backend-go/internal/services/ai_service.go:97.18,99.5 1 31
github.com/kimberlysue0003/ecommerce-mini/backend-go/internal/services/ai_service.go:103.2,103.15 1 23
github.com/kimberlysue0003/ecommerce-mini/backend-go/internal/services/ai_service.go:107.84,113.28 3 0
github.com/kimberlysue0003/ecommerce-mini/backend-go/internal/services/ai_service.go:113.28,117.3 2 0
github.com/kimberlysue0003/ecommerce-mini/backend-go/internal/services/ai_service.go:119.2,119.33 1 0
github.com/kimberlysue0003/ecommerce-mini/backend-go/internal/services/ai_service.go:119.33,121.3 1 0
github.com/kimberlysue0003/ecommerce-mini/backend-go/internal/services/ai_service.go:122.2,122.33 1 0
github.com/kimberlysue0003/ecommerce-mini/backend-go/internal/services/ai_service.go:122.33,124.3 1 0
github.com/kimberlysue0003/ecommerce-mini/backend-go/internal/services/ai_service.go:127.2,129.16 3 0
github.com/kimberlysue0003/ecommerce-mini/backend-go/internal/services/ai_service.go:129.16,131.3 1 0
github.com/kimberlysue0003/ecommerce-mini/backend-go/internal/services/ai_service.go:134.2,134.28 1 0
github.com/kimberlysue0003/ecommerce-mini/backend-go/internal/services/ai_service.go:134.28,141.36 3 0
github.com/kimberlysue0003/ecommerce-mini/backend-go/internal/services/ai_service.go:141.36,153.4 5 0
github.com/kimberlysue0003/ecommerce-mini/backend-go/internal/services/ai_service.go:156.3,156.50 1 0
github.com/kimberlysue0003/ecommerce-mini/backend-go/internal/services/ai_service.go:156.50,158.4 1 0
github.com/kimberlysue0003/ecommerce-mini/backend-go/internal/services/ai_service.go:160.3,161.37 2 0
github.com/kimberlysue0003/ecommerce-mini/backend-go/internal/services/ai_service.go:161.37,163.4 1 0
github.com/kimberlysue0003/ecommerce-mini/backend-go/internal/services/ai_service.go:164.8,166.37 1 0
github.com/kimberlysue0003/ecommerce-mini/backend-go/internal/services/ai_service.go:166.37,167.45 1 0
github.com/kimberlysue0003/ecommerce-mini/backend-go/internal/services/ai_service.go:167.45,169.5 1 0
github.com/kimberlysue0003/ecommerce-mini/backend-go/internal/services/ai_service.go:170.9,170.43 1 0
github.com/kimberlysue0003/ecommerce-mini/backend-go/internal/services/ai_service.go:170.43,171.45 1 0
github.com/kimberlysue0003/ecommerce-mini/backend-go/internal/services/ai_service.go:171.45,173.5 1 0
github.com/kimberlysue0003/ecommerce-mini/backend-go/internal/services/ai_service.go:178.2,178.27 1 0
github.com/kimberlysue0003/ecommerce-mini/backend-go/internal/services/ai_service.go:178.27,180.3 1 0
github.com/kimberlysue0003/ecommerce-mini/backend-go/internal/services/ai_service.go:182.2,186.8 1 0
github.com/kimberlysue0003/ecommerce-mini/backend-go/internal/services/ai_service.go:190.95,194.16 3 0
github.com/kimberlysue0003/ecommerce-mini/backend-go/internal/services/ai_service.go:194.16,196.3 1 0
github.com/kimberlysue0003/ecommerce-mini/backend-go/internal/services/ai_service.go:199.2,203.35 3 0
github.com/kimberlysue0003/ecommerce-mini/backend-go/internal/services/ai_service.go:203.35,205.3 1 0
github.com/kimberlysue0003/ecommerce-mini/backend-go/internal/services/ai_service.go:208.2,210.16 3 0
github.com/kimberlysue0003/ecommerce-mini/backend-go/internal/services/ai_service.go:210.16,212.3 1 0
github.com/kimberlysue0003/ecommerce-mini/backend-go/internal/services/ai_service.go:215.2,215.43 1 0
github.com/kimberlysue0003/ecommerce-mini/backend-go/internal/services/ai_service.go:215.43,218.36 3 0
github.com/kimberlysue0003/ecommerce-mini/backend-go/internal/services/ai_service.go:218.36,219.39 1 0
github.com/kimberlysue0003/ecommerce-mini/backend-go/internal/services/ai_service.go:219.39,221.5 1 0
github.com/kimberlysue0003/ecommerce-mini/backend-go/internal/services/ai_service.go:222.4,222.39 1 0
github.com/kimberlysue0003/ecommerce-mini/backend-go/internal/services/ai_service.go:222.39,224.5 1 0
github.com/kimberlysue0003/ecommerce-mini/backend-go/internal/services/ai_service.go:226.3,226.25 1 0
github.com/kimberlysue0003/ecommerce-mini/backend-go/internal/services/ai_service.go:229.2,229.22 1 0
github.com/kimberlysue0003/ecommerce-mini/backend-go/internal/services/ai_service.go:233.77,236.16 3 0
github.com/kimberlysue0003/ecommerce-mini/backend-go/internal/services/ai_service.go:236.16,238.3 1 0
github.com/kimberlysue0003/ecommerce-mini/backend-go/internal/services/ai_service.go:240.2,240.22 1 0
github.com/kimberlysue0003/ecommerce-mini/backend-go/internal/services/ai_service.go:244.32,246.2 1 0
github.com/kimberlysue0003/ecommerce-mini/backend-go/internal/services/auth_service.go:19.47,21.2 1 0
github.com/kimberlysue0003/ecommerce-mini/backend-go/internal/services/auth_service.go:43.76,50.16 4 0
github.com/kimberlysue0003/ecommerce-mini/backend-go/internal/services/auth_service.go:50.16,52.3 1 0
github.com/kimberlysue0003/ecommerce-mini/backend-go/internal/services/auth_service.go:52.8,52.52 1 0
github.com/kimberlysue0003/ecommerce-mini/backend-go/internal/services/auth_service.go:52.52,54.3 1 0
github.com/kimberlysue0003/ecommerce-mini/backend-go/internal/services/auth_service.go:57.2,58.16 2 0
github.com/kimberlysue0003/ecommerce-mini/backend-go/internal/services/auth_service.go:58.16,60.3 1 0
github.com/kimberlysue0003/ecommerce-mini/backend-go/internal/services/auth_service.go:63.2,70.49 2 0
github.com/kimberlysue0003/ecommerce-mini/backend-go/internal/services/auth_service.go:70.49,72.3 1 0
github.com/kimberlysue0003/ecommerce-mini/backend-go/internal/services/auth_service.go:75.2,76.16 2 0
github.com/kimberlysue0003/ecommerce-mini/backend-go/internal/services/auth_service.go:76.16,78.3 1 0
github.com/kimberlysue0003/ecommerce-mini/backend-go/internal/services/auth_service.go:80.2,83.8 1 0
github.com/kimberlysue0003/ecommerce-mini/backend-go/internal/services/auth_service.go:87.70,94.16 4 0
github.com/kimberlysue0003/ecommerce-mini/backend-go/internal/services/auth_service.go:94.16,95.45 1 0
github.com/kimberlysue0003/ecommerce-mini/backend-go/internal/services/auth_service.go:95.45,97.4 1 0
github.com/kimberlysue0003/ecommerce-mini/backend-go/internal/services/auth_service.go:98.3,98.18 1 0
github.com/kimberlysue0003/ecommerce-mini/backend-go/internal/services/auth_service.go:102.2,102.75 1 0
github.com/kimberlysue0003/ecommerce-mini/backend-go/internal/services/auth_service.go:102.75,104.3 1 0
github.com/kimberlysue0003/ecommerce-mini/backend-go/internal/services/auth_service.go:107.2,108.16 2 0
github.com/kimberlysue0003/ecommerce-mini/backend-go/internal/services/auth_service.go:108.16,110.3 1 0
github.com/kimberlysue0003/ecommerce-mini/backend-go/internal/services/auth_service.go:112.2,115.8 1 0
github.com/kimberlysue0003/ecommerce-mini/backend-go/internal/services/auth_service.go:119.83,122.16 3 0
github.com/kimberlysue0003/ecommerce-mini/backend-go/internal/services/auth_service.go:122.16,123.45 1 0
github.com/kimberlysue0003/ecommerce-mini/backend-go/internal/services/auth_service.go:123.45,125.4 1 0
github.com/kimberlysue0003/ecommerce-mini/backend-go/internal/services/auth_service.go:126.3,126.18 1 0
github.com/kimberlysue0003/ecommerce-mini/backend-go/internal/services/auth_service.go:129.2,130.27 2 0
github.com/kimberlysue0003/ecommerce-mini/backend-go/internal/services/auth_service.go:134.36,136.2 1 0
github.com/kimberlysue0003/ecommerce-mini/backend-go/internal/services/cart_service.go:18.47,20.2 1 0
github.com/kimberlysue0003/ecommerce-mini/backend-go/internal/services/cart_service.go:34.76,41.16 3 0
github.com/kimberlysue0003/ecommerce-mini/backend-go/internal/services/cart_service.go:41.16,43.3 1 0
github.com/kimberlysue0003/ecommerce-mini/backend-go/internal/services/cart_service.go:46.2,48.33 3 0
github.com/kimberlysue0003/ecommerce-mini/backend-go/internal/services/cart_service.go:48.33,59.3 2 0
github.com/kimberlysue0003/ecommerce-mini/backend-go/internal/services/cart_service.go:61.2,64.8 1 0
github.com/kimberlysue0003/ecommerce-mini/backend-go/internal/services/cart_service.go:68.92,71.82 2 0
github.com/kimberlysue0003/ecommerce-mini/backend-go/internal/services/cart_service.go:71.82,72.45 1 0
github.com/kimberlysue0003/ecommerce-mini/backend-go/internal/services/cart_service.go:72.45,74.4 1 0
github.com/kimberlysue0003/ecommerce-mini/backend-go/internal/services/cart_service.go:75.3,75.18 1 0
github.com/kimberlysue0003/ecommerce-mini/backend-go/internal/services/cart_service.go:79.2,79.34 1 0
github.com/kimberlysue0003/ecommerce-mini/backend-go/internal/services/cart_service.go:79.34,81.3 1 0
github.com/kimberlysue0003/ecommerce-mini/backend-go/internal/services/cart_service.go:84.2,88.16 3 0
github.com/kimberlysue0003/ecommerce-mini/backend-go/internal/services/cart_service.go:88.16,91.56 2 0
github.com/kimberlysue0003/ecommerce-mini/backend-go/internal/services/cart_service.go:91.56,93.4 1 0
github.com/kimberlysue0003/ecommerce-mini/backend-go/internal/services/cart_service.go:94.3,94.28 1 0
github.com/kimberlysue0003/ecommerce-mini/backend-go/internal/services/cart_service.go:95.8,95.52 1 0
github.com/kimberlysue0003/ecommerce-mini/backend-go/internal/services/cart_service.go:95.52,97.3 1 0
github.com/kimberlysue0003/ecommerce-mini/backend-go/internal/services/cart_service.go:100.2,107.53 2 0
github.com/kimberlysue0003/ecommerce-mini/backend-go/internal/services/cart_service.go:107.53,109.3 1 0
github.com/kimberlysue0003/ecommerce-mini/backend-go/internal/services/cart_service.go:111.2,111.23 1 0
github.com/kimberlysue0003/ecommerce-mini/backend-go/internal/services/cart_service.go:115.106,119.16 3 0
github.com/kimberlysue0003/ecommerce-mini/backend-go/internal/services/cart_service.go:119.16,120.45 1 0
github.com/kimberlysue0003/ecommerce-mini/backend-go/internal/services/cart_service.go:120.45,122.4 1 0
github.com/kimberlysue0003/ecommerce-mini/backend-go/internal/services/cart_service.go:123.3,123.18 1 0
github.com/kimberlysue0003/ecommerce-mini/backend-go/internal/services/cart_service.go:127.2,128.87 2 0
github.com/kimberlysue0003/ecommerce-mini/backend-go/internal/services/cart_service.go:128.87,130.3 1 0
github.com/kimberlysue0003/ecommerce-mini/backend-go/internal/services/cart_service.go:132.2,132.34 1 0
github.com/kimberlysue0003/ecommerce-mini/backend-go/internal/services/cart_service.go:132.34,134.3 1 0
github.com/kimberlysue0003/ecommerce-mini/backend-go/internal/services/cart_service.go:137.2,138.51 2 0
github.com/kimberlysue0003/ecommerce-mini/backend-go/internal/services/cart_service.go:138.51,140.3 1 0
github.com/kimberlysue0003/ecommerce-mini/backend-go/internal/services/cart_service.go:142.2,142.23 1 0
github.com/kimberlysue0003/ecommerce-mini/backend-go/internal/services/cart_service.go:146.63,150.25 2 0
github.com/kimberlysue0003/ecommerce-mini/backend-go/internal/services/cart_service.go:150.25,152.3 1 0
github.com/kimberlysue0003/ecommerce-mini/backend-go/internal/services/cart_service.go:154.2,154.30 1 0
github.com/kimberlysue0003/ecommerce-mini/backend-go/internal/services/cart_service.go:154.30,156.3 1 0
github.com/kimberlysue0003/ecommerce-mini/backend-go/internal/services/cart_service.go:158.2,158.12 1 0
github.com/kimberlysue0003/ecommerce-mini/backend-go/internal/services/cart_service.go:162.54,164.2 1 0
github.com/kimberlysue0003/ecommerce-mini/backend-go/internal/services/cart_service.go:167.36,169.2 1 0
github.com/kimberlysue0003/ecommerce-mini/backend-go/internal/services/order_service.go:18.49,20.2 1 0
github.com/kimberlysue0003/ecommerce-mini/backend-go/internal/services/order_service.go:34.98,37.15 2 0
github.com/kimberlysue0003/ecommerce-mini/backend-go/internal/services/order_service.go:37.15,38.31 1 0
github.com/kimberlysue0003/ecommerce-mini/backend-go/internal/services/order_service.go:38.31,40.4 1 0
github.com/kimberlysue0003/ecommerce-mini/backend-go/internal/services/order_service.go:44.2,47.33 3 0
github.com/kimberlysue0003/ecommerce-mini/backend-go/internal/services/order_service.go:47.33,50.82 2 0
github.com/kimberlysue0003/ecommerce-mini/backend-go/internal/services/order_service.go:50.82,52.46 2 0
github.com/kimberlysue0003/ecommerce-mini/backend-go/internal/services/order_service.go:52.46,54.5 1 0
github.com/kimberlysue0003/ecommerce-mini/backend-go/internal/services/order_service.go:55.4,55.19 1 0
github.com/kimberlysue0003/ecommerce-mini/backend-go/internal/services/order_service.go:59.3,59.36 1 0
github.com/kimberlysue0003/ecommerce-mini/backend-go/internal/services/order_service.go:59.36,62.4 2 0
github.com/kimberlysue0003/ecommerce-mini/backend-go/internal/services/order_service.go:65.3,76.49 5 0
github.com/kimberlysue0003/ecommerce-mini/backend-go/internal/services/order_service.go:76.49,79.4 2 0
github.com/kimberlysue0003/ecommerce-mini/backend-go/internal/services/order_service.go:83.2,90.48 2 0
github.com/kimberlysue0003/ecommerce-mini/backend-go/internal/services/order_service.go:90.48,93.3 2 0
github.com/kimberlysue0003/ecommerce-mini/backend-go/internal/services/order_service.go:96.2,96.28 1 0
github.com/kimberlysue0003/ecommerce-mini/backend-go/internal/services/order_service.go:96.28,98.3 1 0
github.com/kimberlysue0003/ecommerce-mini/backend-go/internal/services/order_service.go:100.2,100.53 1 0
github.com/kimberlysue0003/ecommerce-mini/backend-go/internal/services/order_service.go:100.53,103.3 2 0
github.com/kimberlysue0003/ecommerce-mini/backend-go/internal/services/order_service.go:106.2,106.42 1 0
github.com/kimberlysue0003/ecommerce-mini/backend-go/internal/services/order_service.go:106.42,108.3 1 0
github.com/kimberlysue0003/ecommerce-mini/backend-go/internal/services/order_service.go:111.2,112.20 2 0
github.com/kimberlysue0003/ecommerce-mini/backend-go/internal/services/order_service.go:116.82,122.16 3 0
github.com/kimberlysue0003/ecommerce-mini/backend-go/internal/services/order_service.go:122.16,124.3 1 0
github.com/kimberlysue0003/ecommerce-mini/backend-go/internal/services/order_service.go:126.2,126.25 1 0
github.com/kimberlysue0003/ecommerce-mini/backend-go/internal/services/order_service.go:126.25,128.3 1 0
github.com/kimberlysue0003/ecommerce-mini/backend-go/internal/services/order_service.go:131.2,132.37 2 0
github.com/kimberlysue0003/ecommerce-mini/backend-go/internal/services/order_service.go:132.37,137.3 1 0
github.com/kimberlysue0003/ecommerce-mini/backend-go/internal/services/order_service.go:140.2,141.16 2 0
github.com/kimberlysue0003/ecommerce-mini/backend-go/internal/services/order_service.go:141.16,143.3 1 0
github.com/kimberlysue0003/ecommerce-mini/backend-go/internal/services/order_service.go:146.2,148.19 2 0
github.com/kimberlysue0003/ecommerce-mini/backend-go/internal/services/order_service.go:152.77,158.16 3 0
github.com/kimberlysue0003/ecommerce-mini/backend-go/internal/services/order_service.go:158.16,160.3 1 0
github.com/kimberlysue0003/ecommerce-mini/backend-go/internal/services/order_service.go:161.2,161.20 1 0
github.com/kimberlysue0003/ecommerce-mini/backend-go/internal/services/order_service.go:165.84,170.16 3 0
github.com/kimberlysue0003/ecommerce-mini/backend-go/internal/services/order_service.go:170.16,171.45 1 0
github.com/kimberlysue0003/ecommerce-mini/backend-go/internal/services/order_service.go:171.45,173.4 1 0
github.com/kimberlysue0003/ecommerce-mini/backend-go/internal/services/order_service.go:174.3,174.18 1 0
github.com/kimberlysue0003/ecommerce-mini/backend-go/internal/services/order_service.go:176.2,176.20 1 0
github.com/kimberlysue0003/ecommerce-mini/backend-go/internal/services/order_service.go:180.116,183.16 3 0
github.com/kimberlysue0003/ecommerce-mini/backend-go/internal/services/order_service.go:183.16,184.45 1 0
github.com/kimberlysue0003/ecommerce-mini/backend-go/internal/services/order_service.go:184.45,186.4 1 0
github.com/kimberlysue0003/ecommerce-mini/backend-go/internal/services/order_service.go:187.3,187.18 1 0
github.com/kimberlysue0003/ecommerce-mini/backend-go/internal/services/order_service.go:190.2,191.48 2 0
github.com/kimberlysue0003/ecommerce-mini/backend-go/internal/services/order_service.go:191.48,193.3 1 0
github.com/kimberlysue0003/ecommerce-mini/backend-go/internal/services/order_service.go:195.2,195.20 1 0
github.com/kimberlysue0003/ecommerce-mini/backend-go/internal/services/order_service.go:199.38,201.2 1 0
github.com/kimberlysue0003/ecommerce-mini/backend-go/internal/services/payment_service.go:21.53,23.44 1 0
github.com/kimberlysue0003/ecommerce-mini/backend-go/internal/services/payment_service.go:23.44,25.3 1 0
github.com/kimberlysue0003/ecommerce-mini/backend-go/internal/services/payment_service.go:26.2,26.32 1 0
github.com/kimberlysue0003/ecommerce-mini/backend-go/internal/services/payment_service.go:49.131,50.22 1 0
github.com/kimberlysue0003/ecommerce-mini/backend-go/internal/services/payment_service.go:50.22,52.3 1 0
github.com/kimberlysue0003/ecommerce-mini/backend-go/internal/services/payment_service.go:55.2,56.20 2 0
github.com/kimberlysue0003/ecommerce-mini/backend-go/internal/services/payment_service.go:56.20,58.3 1 0
github.com/kimberlysue0003/ecommerce-mini/backend-go/internal/services/payment_service.go:61.2,62.21 2 0
github.com/kimberlysue0003/ecommerce-mini/backend-go/internal/services/payment_service.go:62.21,64.3 1 0
github.com/kimberlysue0003/ecommerce-mini/backend-go/internal/services/payment_service.go:65.2,79.16 4 0
github.com/kimberlysue0003/ecommerce-mini/backend-go/internal/services/payment_service.go:79.16,81.3 1 0
github.com/kimberlysue0003/ecommerce-mini/backend-go/internal/services/payment_service.go:83.2,86.8 1 0
github.com/kimberlysue0003/ecommerce-mini/backend-go/internal/services/payment_service.go:90.99,93.15 2 0
github.com/kimberlysue0003/ecommerce-mini/backend-go/internal/services/payment_service.go:93.15,94.31 1 0
github.com/kimberlysue0003/ecommerce-mini/backend-go/internal/services/payment_service.go:94.31,96.4 1 0
github.com/kimberlysue0003/ecommerce-mini/backend-go/internal/services/payment_service.go:100.2,104.16 3 0
github.com/kimberlysue0003/ecommerce-mini/backend-go/internal/services/payment_service.go:104.16,107.3 2 0
github.com/kimberlysue0003/ecommerce-mini/backend-go/internal/services/payment_service.go:109.2,109.25 1 0
github.com/kimberlysue0003/ecommerce-mini/backend-go/internal/services/payment_service.go:109.25,112.3 2 0
github.com/kimberlysue0003/ecommerce-mini/backend-go/internal/services/payment_service.go:115.2,118.33 3 0
github.com/kimberlysue0003/ecommerce-mini/backend-go/internal/services/payment_service.go:118.33,120.41 1 0
github.com/kimberlysue0003/ecommerce-mini/backend-go/internal/services/payment_service.go:120.41,123.4 2 0
github.com/kimberlysue0003/ecommerce-mini/backend-go/internal/services/payment_service.go:126.3,137.54 5 0
github.com/kimberlysue0003/ecommerce-mini/backend-go/internal/services/payment_service.go:137.54,140.4 2 0
github.com/kimberlysue0003/ecommerce-mini/backend-go/internal/services/payment_service.go:144.2,151.48 2 0
github.com/kimberlysue0003/ecommerce-mini/backend-go/internal/services/payment_service.go:151.48,154.3 2 0
github.com/kimberlysue0003/ecommerce-mini/backend-go/internal/services/payment_service.go:157.2,157.28 1 0
github.com/kimberlysue0003/ecommerce-mini/backend-go/internal/services/payment_service.go:157.28,159.3 1 0
github.com/kimberlysue0003/ecommerce-mini/backend-go/internal/services/payment_service.go:161.2,161.53 1 0
github.com/kimberlysue0003/ecommerce-mini/backend-go/internal/services/payment_service.go:161.53,164.3 2 0
github.com/kimberlysue0003/ecommerce-mini/backend-go/internal/services/payment_service.go:167.2,167.42 1 0
github.com/kimberlysue0003/ecommerce-mini/backend-go/internal/services/payment_service.go:167.42,169.3 1 0
github.com/kimberlysue0003/ecommerce-mini/backend-go/internal/services/payment_service.go:172.2,179.16 2 0
github.com/kimberlysue0003/ecommerce-mini/backend-go/internal/services/payment_service.go:179.16,181.3 1 0
github.com/kimberlysue0003/ecommerce-mini/backend-go/internal/services/payment_service.go:184.2,192.8 3 0
github.com/kimberlysue0003/ecommerce-mini/backend-go/internal/services/payment_service.go:196.88,197.22 1 0
github.com/kimberlysue0003/ecommerce-mini/backend-go/internal/services/payment_service.go:197.22,199.3 1 0
github.com/kimberlysue0003/ecommerce-mini/backend-go/internal/services/payment_service.go:202.2,203.16 2 0
github.com/kimberlysue0003/ecommerce-mini/backend-go/internal/services/payment_service.go:203.16,205.3 1 0
github.com/kimberlysue0003/ecommerce-mini/backend-go/internal/services/payment_service.go:207.2,207.54 1 0
github.com/kimberlysue0003/ecommerce-mini/backend-go/internal/services/payment_service.go:207.54,209.3 1 0
github.com/kimberlysue0003/ecommerce-mini/backend-go/internal/services/payment_service.go:212.2,213.26 2 0
github.com/kimberlysue0003/ecommerce-mini/backend-go/internal/services/payment_service.go:213.26,215.3 1 0
github.com/kimberlysue0003/ecommerce-mini/backend-go/internal/services/payment_service.go:218.2,220.16 3 0
github.com/kimberlysue0003/ecommerce-mini/backend-go/internal/services/payment_service.go:220.16,221.45 1 0
github.com/kimberlysue0003/ecommerce-mini/backend-go/internal/services/payment_service.go:221.45,223.4 1 0
github.com/kimberlysue0003/ecommerce-mini/backend-go/internal/services/payment_service.go:224.3,224.18 1 0
github.com/kimberlysue0003/ecommerce-mini/backend-go/internal/services/payment_service.go:227.2,228.48 2 0
github.com/kimberlysue0003/ecommerce-mini/backend-go/internal/services/payment_service.go:228.48,230.3 1 0
github.com/kimberlysue0003/ecommerce-mini/backend-go/internal/services/payment_service.go:233.2,237.20 2 0
github.com/kimberlysue0003/ecommerce-mini/backend-go/internal/services/payment_service.go:241.62,242.49 1 0
github.com/kimberlysue0003/ecommerce-mini/backend-go/internal/services/payment_service.go:242.49,244.3 1 0
github.com/kimberlysue0003/ecommerce-mini/backend-go/internal/services/payment_service.go:245.2,245.51 1 0
github.com/kimberlysue0003/ecommerce-mini/backend-go/internal/services/payment_service.go:253.10,256.29 2 0
github.com/kimberlysue0003/ecommerce-mini/backend-go/internal/services/payment_service.go:256.29,258.3 1 0
github.com/kimberlysue0003/ecommerce-mini/backend-go/internal/services/payment_service.go:260.2,262.16 3 0
github.com/kimberlysue0003/ecommerce-mini/backend-go/internal/services/payment_service.go:262.16,264.3 1 0
github.com/kimberlysue0003/ecommerce-mini/backend-go/internal/services/payment_service.go:266.2,266.29 1 0
github.com/kimberlysue0003/ecommerce-mini/backend-go/internal/services/payment_service.go:266.29,268.3 1 0
github.com/kimberlysue0003/ecommerce-mini/backend-go/internal/services/payment_service.go:271.2,272.34 2 0
github.com/kimberlysue0003/ecommerce-mini/backend-go/internal/services/payment_service.go:272.34,274.3 1 0
github.com/kimberlysue0003/ecommerce-mini/backend-go/internal/services/payment_service.go:277.2,278.16 2 0
github.com/kimberlysue0003/ecommerce-mini/backend-go/internal/services/payment_service.go:278.16,280.3 1 0
github.com/kimberlysue0003/ecommerce-mini/backend-go/internal/services/payment_service.go:283.2,283.29 1 0
github.com/kimberlysue0003/ecommerce-mini/backend-go/internal/services/payment_service.go:283.29,284.38 1 0
github.com/kimberlysue0003/ecommerce-mini/backend-go/internal/services/payment_service.go:284.38,291.55 2 0
github.com/kimberlysue0003/ecommerce-mini/backend-go/internal/services/payment_service.go:291.55,293.5 1 0
github.com/kimberlysue0003/ecommerce-mini/backend-go/internal/services/payment_service.go:297.2,297.12 1 0
github.com/kimberlysue0003/ecommerce-mini/backend-go/internal/services/payment_service.go:301.42,303.2 1 0
github.com/kimberlysue0003/ecommerce-mini/backend-go/internal/services/product_service.go:19.53,21.2 1 0
github.com/kimberlysue0003/ecommerce-mini/backend-go/internal/services/product_service.go:42.87,44.18 1 0
github.com/kimberlysue0003/ecommerce-mini/backend-go/internal/services/product_service.go:44.18,46.3 1 0
github.com/kimberlysue0003/ecommerce-mini/backend-go/internal/services/product_service.go:47.2,47.38 1 0
github.com/kimberlysue0003/ecommerce-mini/backend-go/internal/services/product_service.go:47.38,49.3 1 0
github.com/kimberlysue0003/ecommerce-mini/backend-go/internal/services/product_service.go:50.2,50.22 1 0
github.com/kimberlysue0003/ecommerce-mini/backend-go/internal/services/product_service.go:50.22,52.3 1 0
github.com/kimberlysue0003/ecommerce-mini/backend-go/internal/services/product_service.go:53.2,53.21 1 0
github.com/kimberlysue0003/ecommerce-mini/backend-go/internal/services/product_service.go:53.21,55.3 1 0
github.com/kimberlysue0003/ecommerce-mini/backend-go/internal/services/product_service.go:58.2,61.22 2 0
github.com/kimberlysue0003/ecommerce-mini/backend-go/internal/services/product_service.go:61.22,67.3 2 0
github.com/kimberlysue0003/ecommerce-mini/backend-go/internal/services/product_service.go:70.2,70.25 1 0
github.com/kimberlysue0003/ecommerce-mini/backend-go/internal/services/product_service.go:70.25,72.3 1 0
github.com/kimberlysue0003/ecommerce-mini/backend-go/internal/services/product_service.go:73.2,73.25 1 0
github.com/kimberlysue0003/ecommerce-mini/backend-go/internal/services/product_service.go:73.25,75.3 1 0
github.com/kimberlysue0003/ecommerce-mini/backend-go/internal/services/product_service.go:78.2,78.23 1 0
github.com/kimberlysue0003/ecommerce-mini/backend-go/internal/services/product_service.go:78.23,80.3 1 0
github.com/kimberlysue0003/ecommerce-mini/backend-go/internal/services/product_service.go:83.2,84.50 2 0
github.com/kimberlysue0003/ecommerce-mini/backend-go/internal/services/product_service.go:84.50,86.3 1 0
github.com/kimberlysue0003/ecommerce-mini/backend-go/internal/services/product_service.go:89.2,95.34 2 0
github.com/kimberlysue0003/ecommerce-mini/backend-go/internal/services/product_service.go:95.34,97.3 1 0
github.com/kimberlysue0003/ecommerce-mini/backend-go/internal/services/product_service.go:99.2,100.41 2 0
github.com/kimberlysue0003/ecommerce-mini/backend-go/internal/services/product_service.go:100.41,102.3 1 0
github.com/kimberlysue0003/ecommerce-mini/backend-go/internal/services/product_service.go:105.2,106.31 2 0
github.com/kimberlysue0003/ecommerce-mini/backend-go/internal/services/product_service.go:106.31,108.3 1 0
github.com/kimberlysue0003/ecommerce-mini/backend-go/internal/services/product_service.go:108.8,108.37 1 0
github.com/kimberlysue0003/ecommerce-mini/backend-go/internal/services/product_service.go:108.37,110.3 1 0
github.com/kimberlysue0003/ecommerce-mini/backend-go/internal/services/product_service.go:111.2,116.84 4 0
github.com/kimberlysue0003/ecommerce-mini/backend-go/internal/services/product_service.go:116.84,118.3 1 0
github.com/kimberlysue0003/ecommerce-mini/backend-go/internal/services/product_service.go:121.2,122.31 2 0
github.com/kimberlysue0003/ecommerce-mini/backend-go/internal/services/product_service.go:122.31,124.3 1 0
github.com/kimberlysue0003/ecommerce-mini/backend-go/internal/services/product_service.go:126.2,138.8 2 0
github.com/kimberlysue0003/ecommerce-mini/backend-go/internal/services/product_service.go:142.70,145.16 3 0
github.com/kimberlysue0003/ecommerce-mini/backend-go/internal/services/product_service.go:145.16,146.45 1 0
github.com/kimberlysue0003/ecommerce-mini/backend-go/internal/services/product_service.go:146.45,148.4 1 0
github.com/kimberlysue0003/ecommerce-mini/backend-go/internal/services/product_service.go:149.3,149.18 1 0
github.com/kimberlysue0003/ecommerce-mini/backend-go/internal/services/product_service.go:151.2,151.22 1 0
github.com/kimberlysue0003/ecommerce-mini/backend-go/internal/services/product_service.go:155.74,158.16 3 0
github.com/kimberlysue0003/ecommerce-mini/backend-go/internal/services/product_service.go:158.16,159.45 1 0
github.com/kimberlysue0003/ecommerce-mini/backend-go/internal/services/product_service.go:159.45,161.4 1 0
github.com/kimberlysue0003/ecommerce-mini/backend-go/internal/services/product_service.go:162.3,162.18 1 0
github.com/kimberlysue0003/ecommerce-mini/backend-go/internal/services/product_service.go:164.2,164.22 1 0
github.com/kimberlysue0003/ecommerce-mini/backend-go/internal/services/product_service.go:168.42,170.2 1 0
